make.exe all --print-data-base --no-builtin-variables --no-builtin-rules --question
Makefile:2: *** missing separator.  Stop.

# GNU Make 4.4.1
# Built for Windows32
# Copyright (C) 1988-2023 Free Software Foundation, Inc.
# License GPLv3+: GNU GPL version 3 or later <https://gnu.org/licenses/gpl.html>
# This is free software: you are free to change and redistribute it.
# There is NO WARRANTY, to the extent permitted by law.

# Make data base, printed on Thu Sep 05 14:37:29 2024

# Variables

# environment
SYSTEMDRIVE = C:
# environment
JAVA_HOME = C:\Program Files\Java\jdk-17
# environment
LC_ALL = C
# environment
VBOX_HWVIRTEX_IGNORE_SVM_IN_USE = 1
# environment
VSCEXT_EXHORT_SKOPEO_PATH = skopeo
# environment
USERPROFILE = C:\Users\samue_hxyk2ex
# environment
VBOX_MSI_INSTALL_PATH = C:\Program Files\Oracle\VirtualBox\
# environment
LOCALAPPDATA = C:\Users\samue_hxyk2ex\AppData\Local
# environment
VSCODE_CRASH_REPORTER_PROCESS_TYPE = extensionHost
# environment
VSCODE_CWD = C:\Users\samue_hxyk2ex\AppData\Local\Programs\Microsoft VS Code
# environment
VSCEXT_EXHORT_IMAGE_PLATFORM = 
# environment
CHOCOLATEYINSTALL = C:\ProgramData\chocolatey
# environment
SYSTEMROOT = C:\Windows
# environment
PROCESSOR_LEVEL = 23
# environment
PSMODULEPATH = C:\Program Files\WindowsPowerShell\Modules;C:\Windows\system32\WindowsPowerShell\v1.0\Modules
# environment
VSCEXT_EXHORT_GRADLE_PATH = gradle
# environment
VSCEXT_TRACK_RECOMMENDATION_ACCEPTANCE_COMMAND = rhda.trackRecommendationAcceptance
# default
MAKE_COMMAND := C:/ProgramData/chocolatey/lib/make/tools/install/bin/make.exe
# environment
GOPATH = C:\Users\samue_hxyk2ex\go
# automatic
@D = $(patsubst %/,%,$(patsubst %\,%,$(dir $@)))
# environment
VSCEXT_EXHORT_SYFT_CONFIG_PATH = 
# environment
CHROME_CRASHPAD_PIPE_NAME = \\.\pipe\crashpad_8360_PVYWPKQMZBVIXUVY
# environment
VSCEXT_EXHORT_PIP_PATH = pip
# environment
VSCODE_HANDLES_UNCAUGHT_ERRORS = true
# default
.VARIABLES := 
# automatic
%D = $(patsubst %/,%,$(patsubst %\,%,$(dir $%)))
# environment
VSCEXT_EXHORT_MVN_PATH = mvn
# automatic
^D = $(patsubst %/,%,$(patsubst %\,%,$(dir $^)))
# automatic
%F = $(notdir $%)
# environment
VSCODE_CODE_CACHE_PATH = C:\Users\samue_hxyk2ex\AppData\Roaming\Code\CachedData\fee1edb8d6d72a0ddff41e5f71a671c23ed924b9
# environment
LANG = C
# default
.LOADED := 
# environment
TMP = C:\Users\SAMUE_~1\AppData\Local\Temp
# default
.INCLUDE_DIRS := .
# environment
PROCESSOR_ARCHITEW6432 = AMD64
# makefile
MAKEFLAGS = pqrR
# environment
ONEDRIVE = C:\Users\samue_hxyk2ex\OneDrive
# environment
POWERSHELL_DISTRIBUTION_CHANNEL = MSI:Windows 10 Pro
# makefile
CURDIR := d:/samuel/backend
# environment
VSCEXT_EXHORT_GO_PATH = go
# environment
APPLICATION_INSIGHTS_NO_DIAGNOSTIC_CHANNEL = true
# environment
VSCODE_L10N_BUNDLE_LOCATION = 
# automatic
*D = $(patsubst %/,%,$(patsubst %\,%,$(dir $*)))
# environment
VSCEXT_EXHORT_PYTHON_PATH = python
# environment
PROGRAMFILES = C:\Program Files (x86)
# environment
MFLAGS = -pqrR
# default
.SHELLFLAGS := -c
# environment
COMMONPROGRAMW6432 = C:\Program Files\Common Files
# automatic
+D = $(patsubst %/,%,$(patsubst %\,%,$(dir $+)))
# makefile (from 'Makefile', line 1)
MAKEFILE_LIST := Makefile
# environment
VSCEXT_EXHORT_PODMAN_PATH = podman
# automatic
@F = $(notdir $@)
# environment
VSCODE_PID = 8360
# automatic
?D = $(patsubst %/,%,$(patsubst %\,%,$(dir $?)))
# environment
VSCEXT_EXHORT_PIP3_PATH = pip3
# environment
EFC_7716 = 1
# automatic
*F = $(notdir $*)
# environment
VSCEXT_EXHORT_SYFT_PATH = syft
# automatic
<D = $(patsubst %/,%,$(patsubst %\,%,$(dir $<)))
# environment
VSCODE_NLS_CONFIG = {"userLocale":"en","osLocale":"pt-br","resolvedLanguage":"en","defaultMessagesFile":"C:\\Users\\samue_hxyk2ex\\AppData\\Local\\Programs\\Microsoft VS Code\\resources\\app\\out\\nls.messages.json","locale":"en","availableLanguages":{}}
# environment
ONEDRIVECONSUMER = C:\Users\samue_hxyk2ex\OneDrive
# default
MAKE_HOST := Windows32
# environment
ANDROID_HOME = C:\Users\samue_hxyk2ex\AppData\Local\Android\Sdk
# environment
PROGRAMDATA = C:\ProgramData
# default
SHELL := sh.exe
# environment
HOMEPATH = \Users\samue_hxyk2ex
# default
MAKECMDGOALS := all
# environment
DRIVERDATA = C:\Windows\System32\Drivers\DriverData
# environment
COMSPEC = C:\Windows\system32\cmd.exe
# environment
WINDIR = C:\Windows
# environment
MAKELEVEL := 0
# default
MAKE = $(MAKE_COMMAND)
# environment
PATH = C:\Program Files\Common Files\Oracle\Java\javapath;C:\Program Files (x86)\Common Files\Oracle\Java\java8path;C:\Program Files (x86)\Common Files\Oracle\Java\javapath;C:\Windows\system32;C:\Windows;C:\Windows\System32\Wbem;C:\Windows\System32\WindowsPowerShell\v1.0\;C:\Windows\System32\OpenSSH\;C:\Program Files (x86)\NVIDIA Corporation\PhysX\Common;C:\Program Files\nodejs\;C:\Users\isaia\AppData\Roaming\npm;C:\Program Files\dotnet\;C:\Program Files\Microsoft SQL Server\130\Tools\Binn\;C:\Program Files\Git\cmd;C:\Program Files\Microsoft SQL Server\150\Tools\Binn\;C:\Program Files\Microsoft SQL Server\Client SDK\ODBC\170\Tools\Binn\;C:\Program Files (x86)\Windows Kits\10\Windows Performance Toolkit\;C:\Program Files\PowerShell\7-preview\preview;C:\Users\samue_hxyk2ex\appdata\local\android\sdk\platform-tools;C:\Users\samue_hxyk2ex\AppData\Roaming\npm\node_modules\yarn\bin;C:\Users\samue_hxyk2ex\AppData\Roaming\npm;C:\Program Files\nodejs;C:\Program Files\NVIDIA Corporation\NVIDIA app\NvDLISR;%JAVA_HOME%\bin;C:\Program Files\Java\jdk-17\bin;C:\Program Files\Go\bin;C:\Program Files\Docker\Docker\resources\bin;C:\Program Files\Cloudflare\Cloudflare WARP\;C:\ProgramData\chocolatey\bin;C:\Users\samue_hxyk2ex\.console-ninja\.bin;C:\Users\samue_hxyk2ex\AppData\Local\Microsoft\WindowsApps;C:\Users\samue_hxyk2ex\AppData\Local\Programs\Microsoft VS Code\bin;C:\Users\samue_hxyk2ex\.dotnet\tools;C:\Users\samue_hxyk2ex\AppData\Roaming\npm;C:\Users\samue_hxyk2ex\AppData\Local\GitHubDesktop\bin;C:\Users\samue_hxyk2ex\.bun\bin;C:\Program Files\Java\jre-1.8\bin;C:\Program Files\Java\jdk-22\bin;C:\Users\samue_hxyk2ex\go\bin;C:\Windowns\System32;C:\Program Files (x86)\GnuWin32\bin;C:\Users\samue_hxyk2ex\AppData\Local\Microsoft\WinGet\Links;
# environment
COMPUTERNAME = MONSTER
# default
MAKEFILES := 
# automatic
^F = $(notdir $^)
# environment
PROMPT = $P$G
# environment
CHOCOLATEYLASTPATHUPDATE = 133699510706695291
# environment
VSCEXT_USE_PIP_DEP_TREE = false
# environment
GOTELEMETRY_GOPLS_CLIENT_START_TIME = 1724020849
# environment
LOGONSERVER = \\MONSTER
# environment
VSCEXT_TELEMETRY_ID = 2305a23f-b86e-4fa4-9824-b55ad0766902
# environment
USERNAME = samue_hxyk2ex
# environment
VSCEXT_EXHORT_DOCKER_PATH = docker
# environment
COMMONPROGRAMFILES = C:\Program Files (x86)\Common Files
# environment
VSCEXT_STACK_ANALYSIS_COMMAND = rhda.stackAnalysis
# automatic
?F = $(notdir $?)
# environment
PROGRAMW6432 = C:\Program Files
# environment
PATHEXT = .COM;.EXE;.BAT;.CMD;.VBS;.VBE;.JS;.JSE;.WSF;.WSH;.MSC
# environment
VSCEXT_EXHORT_NPM_PATH = npm
# automatic
+F = $(notdir $+)
# environment
ORIGINAL_XDG_CURRENT_DESKTOP = undefined
# environment
USERDOMAIN = MONSTER
# environment
OS = Windows_NT
# environment
GOTELEMETRY_GOPLS_CLIENT_TOKEN = 448
# environment
VSCEXT_EXHORT_SKOPEO_CONFIG_PATH = 
# environment
VSCEXT_USE_PYTHON_VIRTUAL_ENVIRONMENT = false
# environment
VSCEXT_MATCH_MANIFEST_VERSIONS = true
# makefile
.DEFAULT_GOAL := start
# environment
VSCEXT_VULNERABILITY_ALERT_SEVERITY = Error
# default
MAKE_VERSION := 4.4.1
# environment
VSCEXT_UTM_SOURCE = vscode
# environment
PROGRAMFILES(X86) = C:\Program Files (x86)
# environment
USERDOMAIN_ROAMINGPROFILE = MONSTER
# environment
NUMBER_OF_PROCESSORS = 8
# environment
PUBLIC = C:\Users\Public
# environment
APPDATA = C:\Users\samue_hxyk2ex\AppData\Roaming
# environment
HOMEDRIVE = C:
# environment
PROCESSOR_ARCHITECTURE = x86
# environment
VSCEXT_EXHORT_PYTHON3_PATH = python3
# environment
GOMODCACHE = C:\Users\samue_hxyk2ex\go\pkg\mod
# environment
VSCEXT_ENABLE_PYTHON_BEST_EFFORTS_INSTALLATION = false
# environment
VSCODE_AMD_ENTRYPOINT = vs/workbench/api/node/extensionHostProcess
# environment
COMMONPROGRAMFILES(X86) = C:\Program Files (x86)\Common Files
# environment
ELECTRON_RUN_AS_NODE = 1
# environment
TEMP = C:\Users\SAMUE_~1\AppData\Local\Temp
# environment
VSCODE_IPC_HOOK = \\.\pipe\7ed1f9e1-1.92.2 
-main-sock
# environment
VSCEXT_USE_GO_MVS = false
# environment
GOPROXY = https://proxy.golang.org,direct
# default
.RECIPEPREFIX := 
# automatic
<F = $(notdir $<)
# default
SUFFIXES := 
# environment
ALLUSERSPROFILE = C:\ProgramData
# environment
SESSIONNAME = Console
# environment
DEBUG = WARN
# default
.FEATURES := target-specific order-only second-expansion else-if shortest-stem undefine oneshell nocomment grouped-target extra-prereqs notintermediate shell-export archives jobserver output-sync load dospaths
# environment
PROCESSOR_REVISION = 7100
# environment
PROCESSOR_IDENTIFIER = AMD64 Family 23 Model 113 Stepping 0, AuthenticAMD
# variable set hash-table stats:
# Load=128/1024=12%, Rehash=0, Collisions=10/140=7%

# Pattern-specific Variable Values

# No pattern-specific variable values.

# Directories

# . (key d:/samuel/backend, mtime 1725478509): 12 files, no impossibilities.

# 12 files, no impossibilities in 1 directories.

# Implicit Rules

# No implicit rules.

# Files

start:
#  Implicit rule search has not been done.
#  Modification time never checked.
#  File has not been updated.

# Not a target:
Makefile:
#  Implicit rule search has not been done.
#  Modification time never checked.
#  File has not been updated.

# Not a target:
.DEFAULT:
#  Implicit rule search has not been done.
#  Modification time never checked.
#  File has not been updated.

# Not a target:
all:
#  Command line target.
#  Implicit rule search has not been done.
#  Modification time never checked.
#  File has not been updated.

# files hash-table stats:
# Load=5/1024=0%, Rehash=0, Collisions=0/6=0%
# VPATH Search Paths

# No 'vpath' search paths.

# No general ('VPATH' variable) search path.

# strcache buffers: 1 (0) / strings = 16 / storage = 107 B / avg = 6 B
# current buf: size = 8174 B / used = 107 B / count = 16 / avg = 6 B

# strcache performance: lookups = 21 / hit rate = 23%
# hash-table stats:
# Load=16/8192=0%, Rehash=0, Collisions=0/21=0%
# Finished Make data base on Thu Sep 05 14:37:29 2024

 
